50.0 -29.7 0.0 0.0
50.0 -29.3 0.0 0.01
50.0 -29.0 0.0 0.02
50.0 -28.7 0.0 0.03
50.0 -28.3 0.0 0.06
50.0 -28.0 0.0 0.08
50.0 -27.7 0.0 0.1
50.0 -27.3 0.0 0.11
50.0 -27.0 0.0 0.13
50.0 -26.7 0.0 0.15
50.0 -26.3 0.0 0.17
50.0 -26.0 0.0 0.17
50.0 -25.7 0.0 0.2
50.0 -25.3 0.0 0.22
50.0 -25.0 0.0 0.23
50.0 -24.7 0.0 0.25
50.0 -24.3 0.0 0.26
50.0 -24.0 0.0 0.28
50.0 -23.7 0.0 0.3
50.0 -23.3 0.0 0.31
50.0 -23.0 0.0 0.33
50.0 -22.7 0.0 0.35
50.0 -22.3 0.0 0.37
50.0 -22.0 0.0 0.39
50.0 -21.7 0.0 0.4
50.0 -21.3 0.0 0.41
50.0 -21.0 0.0 0.43
50.0 -20.7 0.0 0.45
50.0 -20.3 0.0 0.46
50.0 -20.0 0.0 0.48
50.0 -19.7 0.0 0.5
50.0 -19.3 0.0 0.52
50.0 -19.0 0.0 0.53
50.0 -18.7 0.0 0.55
50.0 -18.3 0.0 0.57
50.0 -18.0 0.0 0.58
50.0 -17.7 0.0 0.6
50.0 -17.3 0.0 0.62
50.0 -17.0 0.0 0.63
50.0 -16.7 0.0 0.65
50.0 -16.3 0.0 0.66
50.0 -16.0 0.0 0.68
50.0 -15.7 0.0 0.7
50.0 -15.3 0.0 0.72
50.0 -15.0 0.0 0.73
50.0 -14.7 0.0 0.75
50.0 -14.3 0.0 0.77
50.0 -14.0 0.0 0.78
50.0 -13.7 0.0 0.8
50.0 -13.3 0.0 0.81
50.0 -13.0 0.0 0.82
50.0 -12.7 0.0 0.83
50.0 -12.3 0.0 0.85
50.0 -12.0 0.0 0.86
50.0 -11.7 0.0 0.88
50.0 -11.3 0.0 0.91
50.0 -11.0 0.0 0.93
50.0 -10.7 0.0 0.94
50.0 -10.3 0.0 0.96
50.0 -10.0 0.0 0.98
50.0 -9.7 0.0 0.99
50.0 -9.3 0.0 1.01
50.0 -9.0 0.0 1.04
50.0 -8.7 0.0 1.05
50.0 -8.3 0.0 1.06
50.0 -8.0 0.0 1.08
50.0 -7.7 0.0 1.1
50.0 -7.3 0.0 1.11
50.0 -7.0 0.0 1.13
50.0 -6.7 0.0 1.15
50.0 -6.3 0.0 1.17
50.0 -6.0 0.0 1.18
50.0 -5.7 0.0 1.2
50.0 -5.3 0.0 1.22
50.0 -5.0 0.0 1.23
50.0 -4.7 0.0 1.25
50.0 -4.3 0.0 1.27
50.0 -4.0 0.0 1.28
50.0 -3.7 0.0 1.3
50.0 -3.3 0.0 1.31
50.0 -3.0 0.0 1.33
50.0 -2.7 0.0 1.35
50.0 -2.3 0.0 1.36
50.0 -2.0 0.0 1.38
50.0 -1.7 0.0 1.4
50.0 -1.3 0.0 1.42
50.0 -1.0 0.0 1.43
50.0 -0.7 0.0 1.45
50.0 -0.3 0.0 1.47
50.0 0.0 0.0 1.48
50.0 0.3 0.0 1.5
50.0 0.7 0.0 1.51
50.0 1.0 0.0 1.53
50.0 1.3 0.0 1.55
50.0 1.7 0.0 1.57
50.0 2.0 0.0 1.58
50.0 2.3 0.0 1.6
50.0 2.7 0.0 1.61
50.0 3.0 0.0 1.63
50.0 3.3 0.0 1.65
50.0 3.7 0.0 1.67
50.0 4.0 0.0 1.69
50.0 4.3 0.0 1.7
50.0 4.7 0.0 1.72
50.0 5.0 0.0 1.73
50.0 5.3 0.0 1.75
50.0 5.7 0.0 1.77
50.0 6.0 0.0 1.78
50.0 6.3 0.0 1.8
50.0 6.7 0.0 1.81
50.0 7.0 0.0 1.83
50.0 7.3 0.0 1.85
50.0 7.7 0.0 1.87
50.0 8.0 0.0 1.88
50.0 8.3 0.0 1.9
50.0 8.7 0.0 1.91
50.0 9.0 0.0 1.93
50.0 9.3 0.0 1.95
50.0 9.7 0.0 1.97
50.0 10.0 0.0 1.98
50.0 10.3 0.0 2.0
50.0 10.7 0.0 2.02
50.0 11.0 0.0 2.03
50.0 11.3 0.0 2.05
50.0 11.7 0.0 2.07
50.0 12.0 0.0 2.08
50.0 12.3 0.0 2.1
50.0 12.7 0.0 2.11
50.0 13.0 0.0 2.14
50.0 13.3 0.0 2.15
50.0 13.7 0.0 2.17
50.0 14.0 0.0 2.18
50.0 14.3 0.0 2.2
50.0 14.7 0.0 2.21
50.0 15.0 0.0 2.23
50.0 15.3 0.0 2.25
50.0 15.7 0.0 2.27
50.0 16.0 0.0 2.28
50.0 16.3 0.0 2.3
50.0 16.7 0.0 2.32
50.0 17.0 0.0 2.33
50.0 17.3 0.0 2.35
50.0 17.7 0.0 2.36
50.0 18.0 0.0 2.38
50.0 18.3 0.0 2.4
50.0 18.7 0.0 2.42
50.0 19.0 0.0 2.44
50.0 19.3 0.0 2.45
50.0 19.7 0.0 2.47
50.0 20.0 0.0 2.48
50.0 20.0 0.0 2.5
50.0 20.0 0.0 2.51
50.0 20.0 0.0 2.53
50.0 20.0 0.0 2.55
50.0 20.0 0.0 2.57
50.0 20.0 0.0 2.58
50.0 20.0 0.0 2.6
50.0 20.0 0.0 2.61
50.0 20.0 0.0 2.63
50.0 20.0 0.0 2.65
50.0 20.0 0.0 2.67
50.0 20.0 0.0 2.68
50.0 20.0 0.0 2.7
50.0 20.0 0.0 2.72
50.0 20.0 0.0 2.74
50.0 20.0 0.0 2.75
50.0 20.0 0.0 2.77
50.0 20.0 0.0 2.78
50.0 20.0 -3.0 2.8
50.0 20.0 -6.0 2.81
50.0 20.0 -9.0 2.83
50.0 20.0 -12.0 2.85
50.0 20.0 -15.0 2.87
50.0 20.0 -18.0 2.89
50.0 20.0 -21.0 2.9
50.0 20.0 -24.0 2.91
50.0 20.0 -27.0 2.93
50.0 20.0 -30.0 2.95
50.0 20.0 -33.0 2.97
50.0 20.0 -36.0 2.99
50.0 20.0 -39.0 3.0
50.0 20.0 -42.0 3.0
50.0 20.0 -45.0 3.03
50.0 20.0 -48.0 3.05
50.0 20.0 -51.0 3.06
50.0 20.0 -54.0 3.08
50.0 20.0 -57.0 3.1
50.0 20.0 -60.0 3.11
50.0 20.0 -63.0 3.14
50.0 20.0 -66.0 3.15
50.0 20.0 -69.0 3.17
50.0 20.0 -72.0 3.18
50.0 20.0 -75.0 3.2
50.0 20.0 -78.0 3.22
50.0 20.0 -81.0 3.23
50.0 20.0 -84.0 3.25
50.0 20.0 -87.0 3.27
50.0 20.0 -90.0 3.28
50.0 20.0 -90.0 3.3
50.0 20.0 -90.0 3.32
50.0 20.0 -90.0 3.33
50.0 20.0 -90.0 3.35
50.0 20.0 -90.0 3.36
50.0 20.0 -90.0 3.39
50.0 20.0 -90.0 3.4
50.0 20.0 -90.0 3.41
50.0 20.0 -90.0 3.44
50.0 20.0 -90.0 3.45
50.0 20.0 -90.0 3.47
50.0 20.0 -90.0 3.48
50.0 20.0 -90.0 3.5
50.0 20.0 -90.0 3.52
50.0 20.0 -90.0 3.53
50.0 20.0 -90.0 3.55
50.0 20.0 -90.0 3.57
50.0 20.0 -90.0 3.58
49.7 20.0 -90.0 3.6
49.3 20.0 -90.0 3.62
49.0 20.0 -90.0 3.63
48.7 20.0 -90.0 3.65
48.3 20.0 -90.0 3.67
48.0 20.0 -90.0 3.68
47.7 20.0 -90.0 3.7
47.3 20.0 -90.0 3.71
47.0 20.0 -90.0 3.73
46.7 20.0 -90.0 3.75
46.3 20.0 -90.0 3.76
46.0 20.0 -90.0 3.78
45.7 20.0 -90.0 3.8
45.3 20.0 -90.0 3.81
45.0 20.0 -90.0 3.83
44.7 20.0 -90.0 3.85
44.3 20.0 -90.0 3.87
44.0 20.0 -90.0 3.88
43.7 20.0 -90.0 3.9
43.3 20.0 -90.0 3.92
43.0 20.0 -90.0 3.93
42.7 20.0 -90.0 3.95
42.3 20.0 -90.0 3.97
42.0 20.0 -90.0 3.99
41.7 20.0 -90.0 4.0
41.3 20.0 -90.0 4.02
41.0 20.0 -90.0 4.03
40.7 20.0 -90.0 4.05
40.3 20.0 -90.0 4.05
40.0 20.0 -90.0 4.08
39.7 20.0 -90.0 4.1
39.3 20.0 -90.0 4.12
39.0 20.0 -90.0 4.13
38.7 20.0 -90.0 4.14
38.3 20.0 -90.0 4.17
38.0 20.0 -90.0 4.19
37.7 20.0 -90.0 4.2
37.3 20.0 -90.0 4.22
37.0 20.0 -90.0 4.23
36.7 20.0 -90.0 4.25
36.3 20.0 -90.0 4.27
36.0 20.0 -90.0 4.28
35.7 20.0 -90.0 4.3
35.3 20.0 -90.0 4.31
35.0 20.0 -90.0 4.33
34.7 20.0 -90.0 4.35
34.3 20.0 -90.0 4.37
34.0 20.0 -90.0 4.38
33.7 20.0 -90.0 4.4
33.3 20.0 -90.0 4.41
33.0 20.0 -90.0 4.43
32.7 20.0 -90.0 4.45
32.3 20.0 -90.0 4.47
32.0 20.0 -90.0 4.48
31.7 20.0 -90.0 4.5
31.3 20.0 -90.0 4.51
31.0 20.0 -90.0 4.53
30.7 20.0 -90.0 4.55
30.3 20.0 -90.0 4.56
30.0 20.0 -90.0 4.59
29.7 20.0 -90.0 4.6
29.3 20.0 -90.0 4.62
29.0 20.0 -90.0 4.63
28.7 20.0 -90.0 4.65
28.3 20.0 -90.0 4.66
28.0 20.0 -90.0 4.68
27.7 20.0 -90.0 4.7
27.3 20.0 -90.0 4.71
27.0 20.0 -90.0 4.73
26.7 20.0 -90.0 4.75
26.3 20.0 -90.0 4.76
26.0 20.0 -90.0 4.78
25.7 20.0 -90.0 4.8
25.3 20.0 -90.0 4.82
25.0 20.0 -90.0 4.82
24.7 20.0 -90.0 4.84
24.3 20.0 -90.0 4.86
24.0 20.0 -90.0 4.88
23.7 20.0 -90.0 4.9
23.3 20.0 -90.0 4.92
23.0 20.0 -90.0 4.93
22.7 20.0 -90.0 4.95
22.3 20.0 -90.0 4.96
22.0 20.0 -90.0 4.98
21.7 20.0 -90.0 5.0
21.3 20.0 -90.0 5.02
21.0 20.0 -90.0 5.03
20.7 20.0 -90.0 5.05
20.3 20.0 -90.0 5.06
20.0 20.0 -90.0 5.09
19.7 20.0 -90.0 5.1
19.3 20.0 -90.0 5.11
19.0 20.0 -90.0 5.13
18.7 20.0 -90.0 5.15
18.3 20.0 -90.0 5.16
18.0 20.0 -90.0 5.19
17.7 20.0 -90.0 5.2
17.3 20.0 -90.0 5.22
17.0 20.0 -90.0 5.23
16.7 20.0 -90.0 5.25
16.3 20.0 -90.0 5.27
16.0 20.0 -90.0 5.28
15.7 20.0 -90.0 5.3
15.3 20.0 -90.0 5.32
15.0 20.0 -90.0 5.33
14.7 20.0 -90.0 5.35
14.3 20.0 -90.0 5.37
14.0 20.0 -90.0 5.39
13.7 20.0 -90.0 5.4
13.3 20.0 -90.0 5.41
13.0 20.0 -90.0 5.43
12.7 20.0 -90.0 5.45
12.3 20.0 -90.0 5.47
12.0 20.0 -90.0 5.48
11.7 20.0 -90.0 5.49
11.3 20.0 -90.0 5.51
11.0 20.0 -90.0 5.52
10.7 20.0 -90.0 5.53
10.3 20.0 -90.0 5.56
10.0 20.0 -90.0 5.57
9.7 20.0 -90.0 5.6
9.3 20.0 -90.0 5.62
9.0 20.0 -90.0 5.63
8.7 20.0 -90.0 5.64
8.3 20.0 -90.0 5.66
8.0 20.0 -90.0 5.67
7.7 20.0 -90.0 5.69
7.3 20.0 -90.0 5.7
7.0 20.0 -90.0 5.71
6.7 20.0 -90.0 5.72
6.3 20.0 -90.0 5.74
6.0 20.0 -90.0 5.76
5.7 20.0 -90.0 5.78
5.3 20.0 -90.0 5.8
5.0 20.0 -90.0 5.81
4.7 20.0 -90.0 5.83
4.3 20.0 -90.0 5.84
4.0 20.0 -90.0 5.86
3.7 20.0 -90.0 5.87
3.3 20.0 -90.0 5.89
3.0 20.0 -90.0 5.91
2.7 20.0 -90.0 5.92
2.3 20.0 -90.0 5.94
2.0 20.0 -90.0 5.96
1.7 20.0 -90.0 5.98
1.3 20.0 -90.0 5.99
1.0 20.0 -90.0 6.0
0.7 20.0 -90.0 6.02
0.3 20.0 -90.0 6.03
0.0 20.0 -90.0 6.05
-0.3 20.0 -90.0 6.06
-0.7 20.0 -90.0 6.08
-1.0 20.0 -90.0 6.1
-1.3 20.0 -90.0 6.11
-1.7 20.0 -90.0 6.13
-2.0 20.0 -90.0 6.14
-2.3 20.0 -90.0 6.16
-2.7 20.0 -90.0 6.18
-3.0 20.0 -90.0 6.2
-3.3 20.0 -90.0 6.22
-3.7 20.0 -90.0 6.24
-4.0 20.0 -90.0 6.25
-4.3 20.0 -90.0 6.27
-4.7 20.0 -90.0 6.29
-5.0 20.0 -90.0 6.31
-5.3 20.0 -90.0 6.33
-5.7 20.0 -90.0 6.35
-6.0 20.0 -90.0 6.37
-6.3 20.0 -90.0 6.38
-6.7 20.0 -90.0 6.4
-7.0 20.0 -90.0 6.41
-7.3 20.0 -90.0 6.43
-7.7 20.0 -90.0 6.44
-8.0 20.0 -90.0 6.46
-8.3 20.0 -90.0 6.47
-8.7 20.0 -90.0 6.49
-9.0 20.0 -90.0 6.5
-9.3 20.0 -90.0 6.52
-9.7 20.0 -90.0 6.54
-10.0 20.0 -90.0 6.55
-10.3 20.0 -90.0 6.57
-10.7 20.0 -90.0 6.59
-11.0 20.0 -90.0 6.61
-11.3 20.0 -90.0 6.62
-11.7 20.0 -90.0 6.64
-12.0 20.0 -90.0 6.66
-12.3 20.0 -90.0 6.68
-12.7 20.0 -90.0 6.69
-13.0 20.0 -90.0 6.71
-13.3 20.0 -90.0 6.72
-13.7 20.0 -90.0 6.73
-14.0 20.0 -90.0 6.76
-14.3 20.0 -90.0 6.78
-14.7 20.0 -90.0 6.79
-15.0 20.0 -90.0 6.81
-15.3 20.0 -90.0 6.83
-15.7 20.0 -90.0 6.85
-16.0 20.0 -90.0 6.87
-16.3 20.0 -90.0 6.88
-16.7 20.0 -90.0 6.9
-17.0 20.0 -90.0 6.92
-17.3 20.0 -90.0 6.94
-17.7 20.0 -90.0 6.96
-18.0 20.0 -90.0 6.98
-18.3 20.0 -90.0 7.0
-18.7 20.0 -90.0 7.02
-19.0 20.0 -90.0 7.03
-19.3 20.0 -90.0 7.05
-19.7 20.0 -90.0 7.07
-20.0 20.0 -90.0 7.08
-20.3 20.0 -90.0 7.1
-20.7 20.0 -90.0 7.12
-21.0 20.0 -90.0 7.13
-21.3 20.0 -90.0 7.15
-21.7 20.0 -90.0 7.16
-22.0 20.0 -90.0 7.18
-22.3 20.0 -90.0 7.19
-22.7 20.0 -90.0 7.21
-23.0 20.0 -90.0 7.22
-23.3 20.0 -90.0 7.24
-23.7 20.0 -90.0 7.26
-24.0 20.0 -90.0 7.27
-24.3 20.0 -90.0 7.29
-24.7 20.0 -90.0 7.31
-25.0 20.0 -90.0 7.32
-25.3 20.0 -90.0 7.34
-25.7 20.0 -90.0 7.35
-26.0 20.0 -90.0 7.37
-26.3 20.0 -90.0 7.39
-26.7 20.0 -90.0 7.41
-27.0 20.0 -90.0 7.43
-27.3 20.0 -90.0 7.44
-27.7 20.0 -90.0 7.46
-28.0 20.0 -90.0 7.47
-28.3 20.0 -90.0 7.49
-28.7 20.0 -90.0 7.5
-29.0 20.0 -90.0 7.52
-29.3 20.0 -90.0 7.54
-29.7 20.0 -90.0 7.55
-30.0 20.0 -90.0 7.57
-30.3 20.0 -90.0 7.58
-30.7 20.0 -90.0 7.6
-31.0 20.0 -90.0 7.61
-31.3 20.0 -90.0 7.63
-31.7 20.0 -90.0 7.65
-32.0 20.0 -90.0 7.67
-32.3 20.0 -90.0 7.68
-32.7 20.0 -90.0 7.7
-33.0 20.0 -90.0 7.71
-33.3 20.0 -90.0 7.73
-33.7 20.0 -90.0 7.74
-34.0 20.0 -90.0 7.76
-34.3 20.0 -90.0 7.78
-34.7 20.0 -90.0 7.79
-35.0 20.0 -90.0 7.81
-35.3 20.0 -90.0 7.82
-35.7 20.0 -90.0 7.84
-36.0 20.0 -90.0 7.85
-36.3 20.0 -90.0 7.88
-36.7 20.0 -90.0 7.9
-37.0 20.0 -90.0 7.91
-37.3 20.0 -90.0 7.93
-37.7 20.0 -90.0 7.95
-38.0 20.0 -90.0 7.97
-38.3 20.0 -90.0 7.98
-38.7 20.0 -90.0 8.0
-39.0 20.0 -90.0 8.02
-39.3 20.0 -90.0 8.03
-39.7 20.0 -90.0 8.05
-40.0 20.0 -90.0 8.07
-40.0 20.0 -90.0 8.08
-40.0 20.0 -90.0 8.1
-40.0 20.0 -90.0 8.13
-40.0 20.0 -90.0 8.14
-40.0 20.0 -90.0 8.16
-40.0 20.0 -90.0 8.17
-40.0 20.0 -90.0 8.2
-40.0 20.0 -90.0 8.21
-40.0 20.0 -90.0 8.23
-40.0 20.0 -90.0 8.24
-40.0 20.0 -90.0 8.26
-40.0 20.0 -90.0 8.28
-40.0 20.0 -90.0 8.29
-40.0 20.0 -90.0 8.31
-40.0 20.0 -90.0 8.33
-40.0 20.0 -90.0 8.35
-40.0 20.0 -90.0 8.36
-40.0 20.0 -90.0 8.38
-40.0 20.0 -93.0 8.4
-40.0 20.0 -96.0 8.41
-40.0 20.0 -99.0 8.43
-40.0 20.0 -102.0 8.44
-40.0 20.0 -105.0 8.46
-40.0 20.0 -108.0 8.48
-40.0 20.0 -111.0 8.49
-40.0 20.0 -114.0 8.5
-40.0 20.0 -117.0 8.52
-40.0 20.0 -120.0 8.54
-40.0 20.0 -123.0 8.55
-40.0 20.0 -126.0 8.57
-40.0 20.0 -129.0 8.59
-40.0 20.0 -132.0 8.6
-40.0 20.0 -135.0 8.61
-40.0 20.0 -138.0 8.62
-40.0 20.0 -141.0 8.63
-40.0 20.0 -144.0 8.65
-40.0 20.0 -147.0 8.66
-40.0 20.0 -150.0 8.69
-40.0 20.0 -153.0 8.7
-40.0 20.0 -156.0 8.71
-40.0 20.0 -159.0 8.73
-40.0 20.0 -162.0 8.75
-40.0 20.0 -165.0 8.76
-40.0 20.0 -168.0 8.78
-40.0 20.0 -171.0 8.8
-40.0 20.0 -174.0 8.82
-40.0 20.0 -177.0 8.83
-40.0 20.0 -180.0 8.84
-40.0 20.0 -180.0 8.86
-40.0 20.0 -180.0 8.89
-40.0 20.0 -180.0 8.9
-40.0 20.0 -180.0 8.93
-40.0 20.0 -180.0 8.94
-40.0 20.0 -180.0 8.97
-40.0 20.0 -180.0 8.98
-40.0 20.0 -180.0 9.01
-40.0 20.0 -180.0 9.02
-40.0 20.0 -180.0 9.05
-40.0 20.0 -180.0 9.06
-40.0 20.0 -180.0 9.08
-40.0 20.0 -180.0 9.09
-40.0 20.0 -180.0 9.12
-40.0 20.0 -180.0 9.13
-40.0 20.0 -180.0 9.15
-40.0 20.0 -180.0 9.16
-40.0 20.0 -180.0 9.18
-40.0 19.7 -180.0 9.19
-40.0 19.3 -180.0 9.21
-40.0 19.0 -180.0 9.22
-40.0 18.7 -180.0 9.24
-40.0 18.3 -180.0 9.25
-40.0 18.0 -180.0 9.27
-40.0 17.7 -180.0 9.29
-40.0 17.3 -180.0 9.3
-40.0 17.0 -180.0 9.32
-40.0 16.7 -180.0 9.34
-40.0 16.3 -180.0 9.36
-40.0 16.0 -180.0 9.37
-40.0 15.7 -180.0 9.38
-40.0 15.3 -180.0 9.39
-40.0 15.0 -180.0 9.4
-40.0 14.7 -180.0 9.41
-40.0 14.3 -180.0 9.42
-40.0 14.0 -180.0 9.43
-40.0 13.7 -180.0 9.45
-40.0 13.3 -180.0 9.46
-40.0 13.0 -180.0 9.48
-40.0 12.7 -180.0 9.49
-40.0 12.3 -180.0 9.51
-40.0 12.0 -180.0 9.53
-40.0 11.7 -180.0 9.54
-40.0 11.3 -180.0 9.57
-40.0 11.0 -180.0 9.58
-40.0 10.7 -180.0 9.6
-40.0 10.3 -180.0 9.62
-40.0 10.0 -180.0 9.64
-40.0 9.7 -180.0 9.66
-40.0 9.3 -180.0 9.68
-40.0 9.0 -180.0 9.69
-40.0 8.7 -180.0 9.72
-40.0 8.3 -180.0 9.73
-40.0 8.0 -180.0 9.76
-40.0 7.7 -180.0 9.77
-40.0 7.3 -180.0 9.79
-40.0 7.0 -180.0 9.81
-40.0 6.7 -180.0 9.83
-40.0 6.3 -180.0 9.85
-40.0 6.0 -180.0 9.87
-40.0 5.7 -180.0 9.89
-40.0 5.3 -180.0 9.91
-40.0 5.0 -180.0 9.93
-40.0 4.7 -180.0 9.95
-40.0 4.3 -180.0 9.96
-40.0 4.0 -180.0 9.98
-40.0 3.7 -180.0 10.0
-40.0 3.3 -180.0 10.01
-40.0 3.0 -180.0 10.02
-40.0 2.7 -180.0 10.05
-40.0 2.3 -180.0 10.06
-40.0 2.0 -180.0 10.08
-40.0 1.7 -180.0 10.09
-40.0 1.3 -180.0 10.12
-40.0 1.0 -180.0 10.13
-40.0 0.7 -180.0 10.15
-40.0 0.3 -180.0 10.16
-40.0 0.0 -180.0 10.18
-40.0 -0.3 -180.0 10.19
-40.0 -0.7 -180.0 10.21
-40.0 -1.0 -180.0 10.22
-40.0 -1.3 -180.0 10.24
-40.0 -1.7 -180.0 10.26
-40.0 -2.0 -180.0 10.27
-40.0 -2.3 -180.0 10.29
-40.0 -2.7 -180.0 10.3
-40.0 -3.0 -180.0 10.33
-40.0 -3.3 -180.0 10.34
-40.0 -3.7 -180.0 10.35
-40.0 -4.0 -180.0 10.37
-40.0 -4.3 -180.0 10.38
-40.0 -4.7 -180.0 10.4
-40.0 -5.0 -180.0 10.41
-40.0 -5.3 -180.0 10.42
-40.0 -5.7 -180.0 10.43
-40.0 -6.0 -180.0 10.44
-40.0 -6.3 -180.0 10.44
-40.0 -6.7 -180.0 10.45
-40.0 -7.0 -180.0 10.45
-40.0 -7.3 -180.0 10.46
-40.0 -7.7 -180.0 10.46
-40.0 -8.0 -180.0 10.48
-40.0 -8.3 -180.0 10.49
-40.0 -8.7 -180.0 10.51
-40.0 -9.0 -180.0 10.53
-40.0 -9.3 -180.0 10.54
-40.0 -9.7 -180.0 10.57
-40.0 -10.0 -180.0 10.58
-40.0 -10.3 -180.0 10.59
-40.0 -10.7 -180.0 10.61
-40.0 -11.0 -180.0 10.63
-40.0 -11.3 -180.0 10.64
-40.0 -11.7 -180.0 10.67
-40.0 -12.0 -180.0 10.68
-40.0 -12.3 -180.0 10.7
-40.0 -12.7 -180.0 10.72
-40.0 -13.0 -180.0 10.74
-40.0 -13.3 -180.0 10.75
-40.0 -13.7 -180.0 10.78
-40.0 -14.0 -180.0 10.79
-40.0 -14.3 -180.0 10.82
-40.0 -14.7 -180.0 10.83
-40.0 -15.0 -180.0 10.86
-40.0 -15.3 -180.0 10.87
-40.0 -15.7 -180.0 10.9
-40.0 -16.0 -180.0 10.91
-40.0 -16.3 -180.0 10.93
-40.0 -16.7 -180.0 10.95
-40.0 -17.0 -180.0 10.97
-40.0 -17.3 -180.0 10.99
-40.0 -17.7 -180.0 11.01
-40.0 -18.0 -180.0 11.02
-40.0 -18.3 -180.0 11.05
-40.0 -18.7 -180.0 11.06
-40.0 -19.0 -180.0 11.07
-40.0 -19.3 -180.0 11.09
-40.0 -19.7 -180.0 11.11
-40.0 -20.0 -180.0 11.13
-40.0 -20.3 -180.0 11.14
-40.0 -20.7 -180.0 11.17
-40.0 -21.0 -180.0 11.18
-40.0 -21.3 -180.0 11.21
-40.0 -21.7 -180.0 11.22
-40.0 -22.0 -180.0 11.24
-40.0 -22.3 -180.0 11.26
-40.0 -22.7 -180.0 11.28
-40.0 -23.0 -180.0 11.3
-40.0 -23.3 -180.0 11.32
-40.0 -23.7 -180.0 11.34
-40.0 -24.0 -180.0 11.36
-40.0 -24.3 -180.0 11.37
-40.0 -24.7 -180.0 11.4
-40.0 -25.0 -180.0 11.41
-40.0 -25.3 -180.0 11.42
-40.0 -25.7 -180.0 11.45
-40.0 -26.0 -180.0 11.46
-40.0 -26.3 -180.0 11.47
-40.0 -26.7 -180.0 11.49
-40.0 -27.0 -180.0 11.5
-40.0 -27.3 -180.0 11.52
-40.0 -27.7 -180.0 11.53
-40.0 -28.0 -180.0 11.55
-40.0 -28.3 -180.0 11.56
-40.0 -28.7 -180.0 11.59
-40.0 -29.0 -180.0 11.6
-40.0 -29.3 -180.0 11.61
-40.0 -29.7 -180.0 11.64
-40.0 -30.0 -180.0 11.65
-40.0 -30.3 -180.0 11.68
-40.0 -30.7 -180.0 11.69
-40.0 -31.0 -180.0 11.72
-40.0 -31.3 -180.0 11.73
-40.0 -31.7 -180.0 11.75
-40.0 -32.0 -180.0 11.77
-40.0 -32.3 -180.0 11.78
-40.0 -32.7 -180.0 11.81
-40.0 -33.0 -180.0 11.82
-40.0 -33.3 -180.0 11.83
-40.0 -33.7 -180.0 11.86
-40.0 -34.0 -180.0 11.87
-40.0 -34.3 -180.0 11.9
-40.0 -34.7 -180.0 11.91
-40.0 -35.0 -180.0 11.93
-40.0 -35.3 -180.0 11.94
-40.0 -35.7 -180.0 11.96
-40.0 -36.0 -180.0 11.98
-40.0 -36.3 -180.0 11.99
-40.0 -36.7 -180.0 12.01
-40.0 -37.0 -180.0 12.03
-40.0 -37.3 -180.0 12.05
-40.0 -37.7 -180.0 12.06
-40.0 -38.0 -180.0 12.07
-40.0 -38.3 -180.0 12.1
-40.0 -38.7 -180.0 12.11
-40.0 -39.0 -180.0 12.13
-40.0 -39.3 -180.0 12.14
-40.0 -39.7 -180.0 12.16
-40.0 -40.0 -180.0 12.18
-40.0 -40.3 -180.0 12.19
-40.0 -40.7 -180.0 12.21
-40.0 -41.0 -180.0 12.23
-40.0 -41.3 -180.0 12.25
-40.0 -41.7 -180.0 12.26
-40.0 -42.0 -180.0 12.28
-40.0 -42.3 -180.0 12.29
-40.0 -42.7 -180.0 12.31
-40.0 -43.0 -180.0 12.33
-40.0 -43.3 -180.0 12.34
-40.0 -43.7 -180.0 12.36
-40.0 -44.0 -180.0 12.38
-40.0 -44.3 -180.0 12.4
-40.0 -44.7 -180.0 12.41
-40.0 -45.0 -180.0 12.43
-40.0 -45.3 -180.0 12.45
-40.0 -45.7 -180.0 12.46
-40.0 -46.0 -180.0 12.47
-40.0 -46.3 -180.0 12.5
-40.0 -46.7 -180.0 12.51
-40.0 -47.0 -180.0 12.53
-40.0 -47.3 -180.0 12.54
-40.0 -47.7 -180.0 12.56
-40.0 -48.0 -180.0 12.57
-40.0 -48.3 -180.0 12.59
-40.0 -48.7 -180.0 12.6
-40.0 -49.0 -180.0 12.63
-40.0 -49.3 -180.0 12.64
-40.0 -49.7 -180.0 12.67
-40.0 -50.0 -180.0 12.68
-40.0 -50.3 -180.0 12.7
-40.0 -50.7 -180.0 12.71
-40.0 -51.0 -180.0 12.73
-40.0 -51.3 -180.0 12.75
-40.0 -51.7 -180.0 12.76
-40.0 -52.0 -180.0 12.78
-40.0 -52.3 -180.0 12.8
-40.0 -52.7 -180.0 12.82
-40.0 -53.0 -180.0 12.83
-40.0 -53.3 -180.0 12.84
-40.0 -53.7 -180.0 12.86
-40.0 -54.0 -180.0 12.87
-40.0 -54.3 -180.0 12.9
-40.0 -54.7 -180.0 12.91
-40.0 -55.0 -180.0 12.93
-40.0 -55.3 -180.0 12.95
-40.0 -55.7 -180.0 12.96
-40.0 -56.0 -180.0 12.98
-40.0 -56.3 -180.0 13.0
-40.0 -56.7 -180.0 13.01
-40.0 -57.0 -180.0 13.03
-40.0 -57.3 -180.0 13.05
-40.0 -57.7 -180.0 13.06
-40.0 -58.0 -180.0 13.08
-40.0 -58.3 -180.0 13.09
-40.0 -58.7 -180.0 13.12
-40.0 -59.0 -180.0 13.13
-40.0 -59.3 -180.0 13.15
-40.0 -59.7 -180.0 13.16
-40.0 -60.0 -180.0 13.18
-40.0 -60.0 -180.0 13.2
-40.0 -60.0 -180.0 13.21
-40.0 -60.0 -180.0 13.23
-40.0 -60.0 -180.0 13.25
-40.0 -60.0 -180.0 13.26
-40.0 -60.0 -180.0 13.28
-40.0 -60.0 -180.0 13.29
-40.0 -60.0 -180.0 13.31
-40.0 -60.0 -180.0 13.33
-40.0 -60.0 -180.0 13.35
-40.0 -60.0 -180.0 13.36
-40.0 -60.0 -180.0 13.38
-40.0 -60.0 -180.0 13.39
-40.0 -60.0 -180.0 13.42
-40.0 -60.0 -180.0 13.43
-40.0 -60.0 -180.0 13.45
-40.0 -60.0 -180.0 13.46
-40.0 -60.0 -180.0 13.48
-40.0 -60.0 -183.0 13.49
-40.0 -60.0 -186.0 13.51
-40.0 -60.0 -189.0 13.52
-40.0 -60.0 -192.0 13.54
-40.0 -60.0 -195.0 13.56
-40.0 -60.0 -198.0 13.58
-40.0 -60.0 -201.0 13.59
-40.0 -60.0 -204.0 13.61
-40.0 -60.0 -207.0 13.62
-40.0 -60.0 -210.0 13.64
-40.0 -60.0 -213.0 13.66
-40.0 -60.0 -216.0 13.68
-40.0 -60.0 -219.0 13.69
-40.0 -60.0 -222.0 13.7
-40.0 -60.0 -225.0 13.71
-40.0 -60.0 -228.0 13.73
-40.0 -60.0 -231.0 13.74
-40.0 -60.0 -234.0 13.77
-40.0 -60.0 -237.0 13.78
-40.0 -60.0 -240.0 13.81
-40.0 -60.0 -243.0 13.82
-40.0 -60.0 -246.0 13.84
-40.0 -60.0 -249.0 13.86
-40.0 -60.0 -252.0 13.88
-40.0 -60.0 -255.0 13.9
-40.0 -60.0 -258.0 13.91
-40.0 -60.0 -261.0 13.93
-40.0 -60.0 -264.0 13.94
-40.0 -60.0 -267.0 13.96
-40.0 -60.0 -270.0 13.97
-40.0 -60.0 -273.0 14.0
-40.0 -60.0 -276.0 14.01
-40.0 -60.0 -279.0 14.03
-40.0 -60.0 -282.0 14.04
-40.0 -60.0 -285.0 14.06
-40.0 -60.0 -288.0 14.08
-40.0 -60.0 -291.0 14.1
-40.0 -60.0 -294.0 14.11
-40.0 -60.0 -297.0 14.13
-40.0 -60.0 -300.0 14.14
-40.0 -60.0 -303.0 14.16
-40.0 -60.0 -306.0 14.17
-40.0 -60.0 -309.0 14.2
-40.0 -60.0 -312.0 14.21
-40.0 -60.0 -315.0 14.23
-40.0 -60.0 -315.0 14.24
-40.0 -60.0 -315.0 14.26
-40.0 -60.0 -315.0 14.28
-40.0 -60.0 -315.0 14.29
-40.0 -60.0 -315.0 14.31
-40.0 -60.0 -315.0 14.33
-40.0 -60.0 -315.0 14.34
-40.0 -60.0 -315.0 14.36
-40.0 -60.0 -315.0 14.38
-40.0 -60.0 -315.0 14.39
-40.0 -60.0 -315.0 14.41
-40.0 -60.0 -315.0 14.43
-40.0 -60.0 -315.0 14.45
-40.0 -60.0 -315.0 14.46
-40.0 -60.0 -315.0 14.48
-40.0 -60.0 -315.0 14.49
-40.0 -60.0 -315.0 14.51
-40.0 -60.0 -315.0 14.53
-39.8 -59.8 -315.0 14.54
-39.5 -59.5 -315.0 14.55
-39.3 -59.3 -315.0 14.57
-39.1 -59.1 -315.0 14.58
-38.8 -58.8 -315.0 14.6
-38.6 -58.6 -315.0 14.61
-38.4 -58.4 -315.0 14.63
-38.1 -58.1 -315.0 14.64
-37.9 -57.9 -315.0 14.66
-37.6 -57.6 -315.0 14.67
-37.4 -57.4 -315.0 14.69
-37.2 -57.2 -315.0 14.7
-36.9 -56.9 -315.0 14.71
-36.7 -56.7 -315.0 14.71
-36.5 -56.5 -315.0 14.72
-36.2 -56.2 -315.0 14.73
-36.0 -56.0 -315.0 14.74
-35.8 -55.8 -315.0 14.75
-35.5 -55.5 -315.0 14.76
-35.3 -55.3 -315.0 14.77
-35.1 -55.1 -315.0 14.78
-34.8 -54.8 -315.0 14.8
-34.6 -54.6 -315.0 14.81
-34.3 -54.3 -315.0 14.83
-34.1 -54.1 -315.0 14.84
-33.9 -53.9 -315.0 14.86
-33.6 -53.6 -315.0 14.87
-33.4 -53.4 -315.0 14.89
-33.2 -53.2 -315.0 14.9
-32.9 -52.9 -315.0 14.92
-32.7 -52.7 -315.0 14.93
-32.5 -52.5 -315.0 14.94
-32.2 -52.2 -315.0 14.96
-32.0 -52.0 -315.0 14.97
-31.8 -51.8 -315.0 14.99
-31.5 -51.5 -315.0 15.0
-31.3 -51.3 -315.0 15.02
-31.0 -51.0 -315.0 15.03
-30.8 -50.8 -315.0 15.05
-30.6 -50.6 -315.0 15.06
-30.3 -50.3 -315.0 15.07
-30.1 -50.1 -315.0 15.09
-29.9 -49.9 -315.0 15.1
-29.6 -49.6 -315.0 15.12
-29.4 -49.4 -315.0 15.13
-29.2 -49.2 -315.0 15.15
-28.9 -48.9 -315.0 15.16
-28.7 -48.7 -315.0 15.17
-28.5 -48.5 -315.0 15.19
-28.2 -48.2 -315.0 15.2
-28.0 -48.0 -315.0 15.22
-27.7 -47.7 -315.0 15.23
-27.5 -47.5 -315.0 15.24
-27.3 -47.3 -315.0 15.25
-27.0 -47.0 -315.0 15.27
-26.8 -46.8 -315.0 15.28
-26.6 -46.6 -315.0 15.29
-26.3 -46.3 -315.0 15.3
-26.1 -46.1 -315.0 15.31
-25.9 -45.9 -315.0 15.33
-25.6 -45.6 -315.0 15.34
-25.4 -45.4 -315.0 15.35
-25.2 -45.2 -315.0 15.36
-24.9 -44.9 -315.0 15.37
-24.7 -44.7 -315.0 15.4
-24.4 -44.4 -315.0 15.41
-24.2 -44.2 -315.0 15.42
-24.0 -44.0 -315.0 15.43
-23.7 -43.7 -315.0 15.44
-23.5 -43.5 -315.0 15.45
-23.3 -43.3 -315.0 15.46
-23.0 -43.0 -315.0 15.48
-22.8 -42.8 -315.0 15.49
-22.6 -42.6 -315.0 15.5
-22.3 -42.3 -315.0 15.51
-22.1 -42.1 -315.0 15.51
-21.9 -41.9 -315.0 15.52
-21.6 -41.6 -315.0 15.53
-21.4 -41.4 -315.0 15.53
-21.1 -41.1 -315.0 15.54
-20.9 -40.9 -315.0 15.54
-20.7 -40.7 -315.0 15.55
-20.4 -40.4 -315.0 15.56
-20.2 -40.2 -315.0 15.57
-20.0 -40.0 -315.0 15.58
-19.7 -39.7 -315.0 15.59
-19.5 -39.5 -315.0 15.61
-19.3 -39.3 -315.0 15.62
-19.0 -39.0 -315.0 15.64
-18.8 -38.8 -315.0 15.65
-18.6 -38.6 -315.0 15.67
-18.3 -38.3 -315.0 15.68
-18.1 -38.1 -315.0 15.69
-17.8 -37.8 -315.0 15.72
-17.6 -37.6 -315.0 15.73
-17.4 -37.4 -315.0 15.74
-17.1 -37.1 -315.0 15.76
-16.9 -36.9 -315.0 15.77
-16.7 -36.7 -315.0 15.79
-16.4 -36.4 -315.0 15.8
-16.2 -36.2 -315.0 15.82
-16.0 -36.0 -315.0 15.83
-15.7 -35.7 -315.0 15.85
-15.5 -35.5 -315.0 15.86
-15.3 -35.3 -315.0 15.88
-15.0 -35.0 -315.0 15.89
-14.8 -34.8 -315.0 15.91
-14.5 -34.5 -315.0 15.92
-14.3 -34.3 -315.0 15.94
-14.1 -34.1 -315.0 15.95
-13.8 -33.8 -315.0 15.97
-13.6 -33.6 -315.0 15.98
-13.4 -33.4 -315.0 16.0
-13.1 -33.1 -315.0 16.01
-12.9 -32.9 -315.0 16.03
-12.7 -32.7 -315.0 16.04
-12.4 -32.4 -315.0 16.06
-12.2 -32.2 -315.0 16.07
-12.0 -32.0 -315.0 16.09
-11.7 -31.7 -315.0 16.1
-11.5 -31.5 -315.0 16.11
-11.2 -31.2 -315.0 16.14
-11.0 -31.0 -315.0 16.15
-10.8 -30.8 -315.0 16.16
-10.5 -30.5 -315.0 16.18
-10.3 -30.3 -315.0 16.19
-10.1 -30.1 -315.0 16.2
-9.8 -29.8 -315.0 16.22
-9.6 -29.6 -315.0 16.23
-9.4 -29.4 -315.0 16.25
-9.1 -29.1 -315.0 16.26
-8.9 -28.9 -315.0 16.27
-8.7 -28.7 -315.0 16.3
-8.4 -28.4 -315.0 16.31
-8.2 -28.2 -315.0 16.32
-7.9 -27.9 -315.0 16.34
-7.7 -27.7 -315.0 16.35
-7.5 -27.5 -315.0 16.37
-7.2 -27.2 -315.0 16.38
-7.0 -27.0 -315.0 16.4
-6.8 -26.8 -315.0 16.41
-6.5 -26.5 -315.0 16.43
-6.3 -26.3 -315.0 16.44
-6.1 -26.1 -315.0 16.46
-5.8 -25.8 -315.0 16.47
-5.6 -25.6 -315.0 16.48
-5.4 -25.4 -315.0 16.49
-5.1 -25.1 -315.0 16.51
-4.9 -24.9 -315.0 16.52
-4.6 -24.6 -315.0 16.54
-4.4 -24.4 -315.0 16.55
-4.2 -24.2 -315.0 16.58
-3.9 -23.9 -315.0 16.59
-3.7 -23.7 -315.0 16.6
-3.5 -23.5 -315.0 16.62
-3.2 -23.2 -315.0 16.62
-3.0 -23.0 -315.0 16.64
-2.8 -22.8 -315.0 16.65
-2.5 -22.5 -315.0 16.66
-2.3 -22.3 -315.0 16.67
-2.1 -22.1 -315.0 16.68
-1.8 -21.8 -315.0 16.71
-1.6 -21.6 -315.0 16.72
-1.3 -21.3 -315.0 16.73
-1.1 -21.1 -315.0 16.75
-0.9 -20.9 -315.0 16.76
-0.6 -20.6 -315.0 16.78
-0.4 -20.4 -315.0 16.79
-0.2 -20.2 -315.0 16.81
0.1 -19.9 -315.0 16.82
0.3 -19.7 -315.0 16.83
0.5 -19.5 -315.0 16.85
0.8 -19.2 -315.0 16.86
1.0 -19.0 -315.0 16.87
1.2 -18.8 -315.0 16.88
1.5 -18.5 -315.0 16.9
1.7 -18.3 -315.0 16.91
2.0 -18.0 -315.0 16.92
2.2 -17.8 -315.0 16.93
2.4 -17.6 -315.0 16.95
2.7 -17.3 -315.0 16.96
2.9 -17.1 -315.0 16.97
3.1 -16.9 -315.0 16.98
3.4 -16.6 -315.0 16.99
3.6 -16.4 -315.0 17.0
3.8 -16.2 -315.0 17.01
4.1 -15.9 -315.0 17.02
4.3 -15.7 -315.0 17.03
4.5 -15.5 -315.0 17.04
4.8 -15.2 -315.0 17.05
5.0 -15.0 -315.0 17.06
5.3 -14.7 -315.0 17.07
5.5 -14.5 -315.0 17.08
5.7 -14.3 -315.0 17.09
6.0 -14.0 -315.0 17.1
6.2 -13.8 -315.0 17.11
6.4 -13.6 -315.0 17.12
6.7 -13.3 -315.0 17.13
6.9 -13.1 -315.0 17.14
7.1 -12.9 -315.0 17.16
7.4 -12.6 -315.0 17.17
7.6 -12.4 -315.0 17.18
7.8 -12.2 -315.0 17.19
8.1 -11.9 -315.0 17.2
8.3 -11.7 -315.0 17.21
8.6 -11.4 -315.0 17.22
8.8 -11.2 -315.0 17.23
9.0 -11.0 -315.0 17.24
9.3 -10.7 -315.0 17.26
9.5 -10.5 -315.0 17.27
9.7 -10.3 -315.0 17.28
10.0 -10.0 -315.0 17.29
10.2 -9.8 -315.0 17.3
10.4 -9.6 -315.0 17.31
10.7 -9.3 -315.0 17.32
10.9 -9.1 -315.0 17.33
11.1 -8.9 -315.0 17.34
11.4 -8.6 -315.0 17.35
11.6 -8.4 -315.0 17.36
11.9 -8.1 -315.0 17.37
12.1 -7.9 -315.0 17.38
12.3 -7.7 -315.0 17.39
12.6 -7.4 -315.0 17.4
12.8 -7.2 -315.0 17.41
13.0 -7.0 -315.0 17.42
13.3 -6.7 -315.0 17.43
13.5 -6.5 -315.0 17.44
13.7 -6.3 -315.0 17.45
14.0 -6.0 -315.0 17.46
14.2 -5.8 -315.0 17.47
14.4 -5.6 -315.0 17.48
14.7 -5.3 -315.0 17.49
14.9 -5.1 -315.0 17.5
15.2 -4.8 -315.0 17.51
15.4 -4.6 -315.0 17.52
15.6 -4.4 -315.0 17.53
15.9 -4.1 -315.0 17.54
16.1 -3.9 -315.0 17.55
16.3 -3.7 -315.0 17.56
16.6 -3.4 -315.0 17.57
16.8 -3.2 -315.0 17.58
17.0 -3.0 -315.0 17.59
17.3 -2.7 -315.0 17.6
17.5 -2.5 -315.0 17.61
17.7 -2.3 -315.0 17.62
18.0 -2.0 -315.0 17.64
18.2 -1.8 -315.0 17.66
18.5 -1.5 -315.0 17.68
18.7 -1.3 -315.0 17.7
18.9 -1.1 -315.0 17.72
19.2 -0.8 -315.0 17.73
19.4 -0.6 -315.0 17.76
19.6 -0.4 -315.0 17.77
19.9 -0.1 -315.0 17.78
20.1 0.1 -315.0 17.79
20.3 0.3 -315.0 17.8
20.6 0.6 -315.0 17.81
20.8 0.8 -315.0 17.82
21.0 1.0 -315.0 17.83
21.3 1.3 -315.0 17.84
21.5 1.5 -315.0 17.86
21.8 1.8 -315.0 17.87
22.0 2.0 -315.0 17.88
22.2 2.2 -315.0 17.89
22.5 2.5 -315.0 17.9
22.7 2.7 -315.0 17.91
22.9 2.9 -315.0 17.92
23.2 3.2 -315.0 17.93
23.4 3.4 -315.0 17.94
23.6 3.6 -315.0 17.96
23.9 3.9 -315.0 17.97
24.1 4.1 -315.0 17.98
24.3 4.3 -315.0 17.99
24.6 4.6 -315.0 18.0
24.8 4.8 -315.0 18.01
25.1 5.1 -315.0 18.02
25.3 5.3 -315.0 18.03
